2024-12-05 22:55:41,674 INFO: User nadiabellamorris is already an admin [in /home/runner/Market-Harvest/make_admin.py:17]
2024-12-05 22:56:24,499 INFO: Auth system startup [in /home/runner/Market-Harvest/app.py:53]
2024-12-05 22:56:24,500 INFO: Mailgun configuration loaded successfully [in /home/runner/Market-Harvest/app.py:62]
2024-12-05 22:57:05,286 INFO: Auth system startup [in /home/runner/Market-Harvest/app.py:53]
2024-12-05 22:57:05,286 INFO: Mailgun configuration loaded successfully [in /home/runner/Market-Harvest/app.py:62]
2024-12-05 22:57:22,011 INFO: Auth system startup [in /home/runner/Market-Harvest/app.py:53]
2024-12-05 22:57:22,011 INFO: Mailgun configuration loaded successfully [in /home/runner/Market-Harvest/app.py:62]
2024-12-05 22:58:03,949 INFO: Auth system startup [in /home/runner/Market-Harvest/app.py:53]
2024-12-05 22:58:03,951 INFO: Mailgun configuration loaded successfully [in /home/runner/Market-Harvest/app.py:62]
2024-12-05 22:59:18,018 INFO: Auth system startup [in /home/runner/Market-Harvest/app.py:53]
2024-12-05 22:59:18,018 INFO: Mailgun configuration loaded successfully [in /home/runner/Market-Harvest/app.py:62]
2024-12-05 22:59:37,912 INFO: Auth system startup [in /home/runner/Market-Harvest/app.py:53]
2024-12-05 22:59:37,912 INFO: Mailgun configuration loaded successfully [in /home/runner/Market-Harvest/app.py:62]
2024-12-05 22:59:39,807 INFO: Rendering landing page with theme: autumn [in /home/runner/Market-Harvest/app.py:115]
2024-12-05 23:01:49,027 INFO: Auth system startup [in /home/runner/Market-Harvest/app.py:53]
2024-12-05 23:01:49,027 INFO: Mailgun configuration loaded successfully [in /home/runner/Market-Harvest/app.py:62]
2024-12-05 23:02:02,168 INFO: Cookie consent logged - Status: False, Timestamp: 2024-12-05T23:02:01.369Z [in /home/runner/Market-Harvest/app.py:139]
2024-12-06 06:37:17,802 INFO: Auth system startup [in /home/runner/Market-Harvest/app.py:53]
2024-12-06 06:37:17,805 INFO: Mailgun configuration loaded successfully [in /home/runner/Market-Harvest/app.py:62]
2024-12-06 06:37:18,379 INFO: Auth system startup [in /home/runner/Market-Harvest/app.py:53]
2024-12-06 06:37:18,381 INFO: Mailgun configuration loaded successfully [in /home/runner/Market-Harvest/app.py:62]
2024-12-06 06:37:18,434 INFO: Auth system startup [in /home/runner/Market-Harvest/app.py:53]
2024-12-06 06:37:18,441 INFO: Mailgun configuration loaded successfully [in /home/runner/Market-Harvest/app.py:62]
2024-12-06 06:37:18,567 INFO: Auth system startup [in /home/runner/Market-Harvest/app.py:53]
2024-12-06 06:37:18,569 INFO: Mailgun configuration loaded successfully [in /home/runner/Market-Harvest/app.py:62]
2024-12-06 06:37:18,590 INFO: Auth system startup [in /home/runner/Market-Harvest/app.py:53]
2024-12-06 06:37:18,591 INFO: Mailgun configuration loaded successfully [in /home/runner/Market-Harvest/app.py:62]
2024-12-06 06:37:18,918 INFO: User nadiabellamorris is already an admin [in /home/runner/Market-Harvest/make_admin.py:17]
2024-12-06 06:37:19,005 INFO: Updated admin password [in /home/runner/Market-Harvest/verify_admin.py:33]
2024-12-06 06:37:19,056 INFO: Admin user updated successfully [in /home/runner/Market-Harvest/verify_admin.py:37]
2024-12-06 06:37:19,370 INFO: Existing admin user updated successfully [in /home/runner/Market-Harvest/create_admin.py:22]
2024-12-06 06:37:25,894 INFO: Auth system startup [in /home/runner/Market-Harvest/app.py:53]
2024-12-06 06:37:25,894 INFO: Mailgun configuration loaded successfully [in /home/runner/Market-Harvest/app.py:62]
2024-12-06 06:38:38,114 INFO: Auth system startup [in /home/runner/Market-Harvest/app.py:53]
2024-12-06 06:38:38,114 INFO: Mailgun configuration loaded successfully [in /home/runner/Market-Harvest/app.py:62]
2024-12-06 06:39:24,492 INFO: Auth system startup [in /home/runner/Market-Harvest/app.py:53]
2024-12-06 06:39:24,492 INFO: Mailgun configuration loaded successfully [in /home/runner/Market-Harvest/app.py:62]
2024-12-06 06:39:50,351 INFO: Auth system startup [in /home/runner/Market-Harvest/app.py:53]
2024-12-06 06:39:50,352 INFO: Mailgun configuration loaded successfully [in /home/runner/Market-Harvest/app.py:62]
2024-12-06 06:40:22,789 INFO: Auth system startup [in /home/runner/Market-Harvest/app.py:53]
2024-12-06 06:40:22,790 INFO: Mailgun configuration loaded successfully [in /home/runner/Market-Harvest/app.py:62]
2024-12-06 06:40:41,262 INFO: Auth system startup [in /home/runner/Market-Harvest/app.py:53]
2024-12-06 06:40:41,263 INFO: Mailgun configuration loaded successfully [in /home/runner/Market-Harvest/app.py:62]
2024-12-06 06:40:41,265 INFO: Attempting to start server on port 5000 [in /home/runner/Market-Harvest/app.py:181]
2024-12-06 06:41:10,973 INFO: Auth system startup [in /home/runner/Market-Harvest/app.py:53]
2024-12-06 06:41:10,973 INFO: Mailgun configuration loaded successfully [in /home/runner/Market-Harvest/app.py:62]
2024-12-06 06:41:10,975 INFO: Starting server on port 5001 [in /home/runner/Market-Harvest/app.py:210]
2024-12-06 06:41:43,881 INFO: Auth system startup [in /home/runner/Market-Harvest/app.py:53]
2024-12-06 06:41:43,882 INFO: Mailgun configuration loaded successfully [in /home/runner/Market-Harvest/app.py:62]
2024-12-06 06:41:44,349 INFO: Database tables created successfully [in /home/runner/Market-Harvest/app.py:220]
2024-12-06 06:41:44,349 INFO: Starting server on port 5001 [in /home/runner/Market-Harvest/app.py:224]
2024-12-06 06:41:45,004 INFO: Auth system startup [in /home/runner/Market-Harvest/app.py:53]
2024-12-06 06:41:45,004 INFO: Mailgun configuration loaded successfully [in /home/runner/Market-Harvest/app.py:62]
2024-12-06 06:41:45,502 INFO: Database tables created successfully [in /home/runner/Market-Harvest/app.py:220]
2024-12-06 06:41:45,503 INFO: Starting server on port 5002 [in /home/runner/Market-Harvest/app.py:224]
